autoscan: warning: missing AC_CHECK_FUNCS([gethostname]) wanted by: 
	test/mp4broadcaster.cpp:103
autoscan: warning: missing AC_CHECK_FUNCS([gettimeofday]) wanted by: 
	mp4util.h:216
	rtphint.cpp:88
	test/mp4broadcaster.cpp:432
autoscan: warning: missing AC_CHECK_FUNCS([memmove]) wanted by: 
	mp4array.h:82
	mp4array.h:94
autoscan: warning: missing AC_CHECK_FUNCS([memset]) wanted by: 
	mp4.cpp:670
	mp4atom.h:103
	mp4meta.cpp:90
	mp4meta.cpp:134
	mp4meta.cpp:260
	mp4meta.cpp:316
	mp4meta.cpp:397
	mp4meta.cpp:438
	mp4meta.cpp:533
	mp4meta.cpp:571
	mp4meta.cpp:797
	mp4util.h:176
	util/mp4tags.cpp:100
	util/mp4tags.cpp:101
autoscan: warning: missing AC_CHECK_FUNCS([socket]) wanted by: 
	test/mp4broadcaster.cpp:386
autoscan: warning: missing AC_CHECK_FUNCS([strcasecmp]) wanted by: 
	mp4.cpp:1363
	mp4.h:136
	mp4.h:139
	mp4.h:142
	mp4.h:145
	mp4.h:148
	mp4.h:151
	mp4.h:154
	mp4.h:155
	mp4.h:156
	mp4.h:157
	mp4.h:158
	mp4file.cpp:1295
	mp4file.cpp:1319
	mp4file.cpp:1899
	mp4file.cpp:1901
	mp4file.cpp:2832
	mp4file.cpp:2834
	mp4info.cpp:114
	mp4info.cpp:117
	mp4info.cpp:120
	mp4info.cpp:314
	mp4info.cpp:327
	mp4info.cpp:328
	mp4info.cpp:375
	mp4info.cpp:379
	mp4info.cpp:380
	mp4info.cpp:463
	mp4meta.cpp:407
	mp4property.cpp:39
	mp4util.cpp:326
	mp4util.cpp:327
	mp4util.cpp:328
	mp4util.cpp:329
	mp4util.cpp:330
	mp4util.cpp:331
	mp4util.cpp:335
	mp4util.cpp:336
	mp4util.cpp:337
	mp4util.cpp:338
	mp4util.cpp:339
	mp4util.cpp:340
	mp4util.cpp:341
	mp4util.cpp:345
	mp4util.cpp:346
	mp4util.cpp:347
	mp4util.cpp:351
	mp4util.cpp:352
	mp4util.cpp:355
	util/mp4videoinfo.cpp:147
	util/mp4videoinfo.cpp:149
	util/mp4videoinfo.cpp:196
	util/mp4videoinfo.cpp:203
autoscan: warning: missing AC_CHECK_FUNCS([strchr]) wanted by: 
	mp4file.cpp:439
	mp4file.cpp:484
	mp4track.cpp:860
	mp4util.cpp:89
	rtphint.cpp:328
	rtphint.cpp:342
	test/mp4broadcaster.cpp:360
autoscan: warning: missing AC_CHECK_FUNCS([strdup]) wanted by: 
	mp4meta.cpp:96
autoscan: warning: missing AC_CHECK_FUNCS([strerror]) wanted by: 
	mp4util.cpp:37
	mp4util.cpp:54
	util/mp4extract.cpp:208
	util/mp4extract.cpp:247
	util/mp4extract.cpp:255
autoscan: warning: missing AC_CHECK_FUNCS([strrchr]) wanted by: 
	util/mp4art.cpp:56
	util/mp4art.cpp:57
	util/mp4extract.cpp:143
	util/mp4syncfiles.cpp:518
	util/mp4trackdump.cpp:158
	util/mp4videoinfo.cpp:298
autoscan: warning: missing AC_CHECK_HEADERS([arpa/inet.h]) wanted by: 
	test/mp4broadcaster.cpp:23
autoscan: warning: missing AC_C_INLINE wanted by: 
	mp4array.h:34
	mp4array.h:41
	mp4array.h:45
	mp4array.h:69
	mp4atom.h:250
	mp4atom.h:255
	mp4util.h:81
	mp4util.h:85
	mp4util.h:91
	mp4util.h:165
	mp4util.h:174
	mp4util.h:179
	mp4util.h:186
	mp4util.h:193
	mp4util.h:205
	mp4util.h:209
	mp4util.h:214
autoscan: warning: missing AC_FUNC_MALLOC wanted by: 
	mp4file.cpp:2854
	mp4file.cpp:2859
	mp4file.cpp:2883
	mp4file.cpp:2886
	mp4file.cpp:3305
	mp4meta.cpp:88
	mp4meta.cpp:229
	mp4meta.cpp:389
	mp4meta.cpp:395
	mp4meta.cpp:531
	mp4util.h:122
	mp4util.h:139
	mp4util.h:167
	test/nullcreate.cpp:96
	test/nullvplayer.cpp:68
	util/mp4tags.cpp:242
	util/mp4trackdump.cpp:194
	util/mp4videoinfo.cpp:152
autoscan: warning: missing AC_FUNC_REALLOC wanted by: 
	mp4util.h:198
autoscan: warning: missing AC_HEADER_STDBOOL wanted by: 
	3gp.cpp:33
	3gp.cpp:65
	atom_free.cpp:38
	atom_ohdr.cpp:24
	atom_ohdr.cpp:25
	atom_root.cpp:36
	atom_root.cpp:49
	atom_root.cpp:112
	atoms.h:43
	atoms.h:45
	atoms.h:52
	descriptors.cpp:174
	descriptors.cpp:217
	descriptors.cpp:278
	descriptors.cpp:282
	descriptors.cpp:286
	descriptors.cpp:447
	descriptors.cpp:454
	descriptors.cpp:514
	descriptors.cpp:516
	descriptors.cpp:540
	descriptors.cpp:543
	isma.cpp:36
	isma.cpp:899
	isma.cpp:900
	mp4.cpp:134
	mp4.cpp:167
	mp4.cpp:170
	mp4.cpp:245
	mp4.cpp:274
	mp4.cpp:303
	mp4.cpp:416
	mp4.cpp:433
	mp4.cpp:446
	mp4.cpp:462
	mp4.cpp:478
	mp4.cpp:495
	mp4.cpp:514
	mp4.cpp:530
	mp4.cpp:546
	mp4.cpp:562
	mp4.cpp:714
	mp4.cpp:1277
	mp4.cpp:1486
	mp4.cpp:1489
	mp4.cpp:1498
	mp4.cpp:1538
	mp4.cpp:1576
	mp4.cpp:1580
	mp4.cpp:1591
	mp4.cpp:1630
	mp4.cpp:1760
	mp4.cpp:1912
	mp4.cpp:1931
	mp4.cpp:1951
	mp4.cpp:1969
	mp4.cpp:2015
	mp4.cpp:2112
	mp4.cpp:2115
	mp4.cpp:2135
	mp4.cpp:2151
	mp4.cpp:2170
	mp4.cpp:2188
	mp4.cpp:2206
	mp4.cpp:2226
	mp4.cpp:2244
	mp4.cpp:2261
	mp4.cpp:2278
	mp4.cpp:2298
	mp4.cpp:2309
	mp4.cpp:2333
	mp4.cpp:2344
	mp4.cpp:2373
	mp4.cpp:2380
	mp4.cpp:2401
	mp4.cpp:2409
	mp4.cpp:2414
	mp4.cpp:2460
	mp4.cpp:2470
	mp4.cpp:2477
	mp4.cpp:2536
	mp4.cpp:2586
	mp4.cpp:2655
	mp4.cpp:2788
	mp4.cpp:2811
	mp4.cpp:2818
	mp4.cpp:2819
	mp4.cpp:2851
	mp4.cpp:2868
	mp4.cpp:2901
	mp4.cpp:2919
	mp4.cpp:2954
	mp4.cpp:3026
	mp4.cpp:3033
	mp4.cpp:3034
	mp4.cpp:3068
	mp4.cpp:3087
	mp4.cpp:3094
	mp4.cpp:3097
	mp4.cpp:3114
	mp4.cpp:3117
	mp4.cpp:3134
	mp4.cpp:3154
	mp4.cpp:3175
	mp4.cpp:3192
	mp4.cpp:3196
	mp4.cpp:3213
	mp4.cpp:3220
	mp4.cpp:3243
	mp4.cpp:3246
	mp4.cpp:3328
	mp4.cpp:3354
	mp4.cpp:3424
	mp4.cpp:3461
	mp4.cpp:3497
	mp4.cpp:3501
	mp4.cpp:3516
	mp4.cpp:3527
	mp4.cpp:3602
	mp4.cpp:3619
	mp4.cpp:3633
	mp4.cpp:3648
	mp4.cpp:3663
	mp4.cpp:3677
	mp4.cpp:3692
	mp4.cpp:3707
	mp4.cpp:3721
	mp4.cpp:3736
	mp4.cpp:3751
	mp4.cpp:3765
	mp4.cpp:3780
	mp4.cpp:3795
	mp4.cpp:3809
	mp4.cpp:3824
	mp4.cpp:3839
	mp4.cpp:3853
	mp4.cpp:3868
	mp4.cpp:3883
	mp4.cpp:3897
	mp4.cpp:3912
	mp4.cpp:3927
	mp4.cpp:3941
	mp4.cpp:3956
	mp4.cpp:3971
	mp4.cpp:3985
	mp4.cpp:4000
	mp4.cpp:4015
	mp4.cpp:4029
	mp4.cpp:4043
	mp4.cpp:4057
	mp4.cpp:4071
	mp4.cpp:4085
	mp4.cpp:4099
	mp4.cpp:4113
	mp4.cpp:4127
	mp4.cpp:4141
	mp4.cpp:4155
	mp4.cpp:4169
	mp4.cpp:4183
	mp4.cpp:4197
	mp4.cpp:4212
	mp4.cpp:4227
	mp4.cpp:4241
	mp4.cpp:4256
	mp4.cpp:4286
	mp4.cpp:4299
	mp4.cpp:4314
	mp4.cpp:4329
	mp4.cpp:4343
	mp4.cpp:4361
	mp4.cpp:4376
	mp4.h:352
	mp4.h:357
	mp4.h:360
	mp4.h:382
	mp4.h:386
	mp4.h:390
	mp4.h:403
	mp4.h:406
	mp4.h:409
	mp4.h:415
	mp4.h:420
	mp4.h:425
	mp4.h:431
	mp4.h:436
	mp4.h:441
	mp4.h:444
	mp4.h:496
	mp4.h:621
	mp4.h:633
	mp4.h:659
	mp4.h:672
	mp4.h:705
	mp4.h:710
	mp4.h:716
	mp4.h:723
	mp4.h:733
	mp4.h:755
	mp4.h:761
	mp4.h:765
	mp4.h:771
	mp4.h:777
	mp4.h:783
	mp4.h:790
	mp4.h:796
	mp4.h:802
	mp4.h:808
	mp4.h:817
	mp4.h:829
	mp4.h:832
	mp4.h:844
	mp4.h:846
	mp4.h:853
	mp4.h:855
	mp4.h:863
	mp4.h:874
	mp4.h:895
	mp4.h:912
	mp4.h:925
	mp4.h:935
	mp4.h:942
	mp4.h:943
	mp4.h:948
	mp4.h:952
	mp4.h:960
	mp4.h:965
	mp4.h:974
	mp4.h:994
	mp4.h:1001
	mp4.h:1002
	mp4.h:1008
	mp4.h:1013
	mp4.h:1017
	mp4.h:1020
	mp4.h:1023
	mp4.h:1026
	mp4.h:1029
	mp4.h:1035
	mp4.h:1042
	mp4.h:1046
	mp4.h:1050
	mp4.h:1054
	mp4.h:1061
	mp4.h:1065
	mp4.h:1067
	mp4.h:1092
	mp4.h:1094
	mp4.h:1118
	mp4.h:1129
	mp4.h:1140
	mp4.h:1144
	mp4.h:1146
	mp4.h:1158
	mp4.h:1167
	mp4.h:1168
	mp4.h:1172
	mp4.h:1173
	mp4.h:1174
	mp4.h:1175
	mp4.h:1176
	mp4.h:1177
	mp4.h:1178
	mp4.h:1179
	mp4.h:1180
	mp4.h:1181
	mp4.h:1182
	mp4.h:1183
	mp4.h:1184
	mp4.h:1185
	mp4.h:1186
	mp4.h:1187
	mp4.h:1188
	mp4.h:1189
	mp4.h:1190
	mp4.h:1191
	mp4.h:1192
	mp4.h:1193
	mp4.h:1195
	mp4.h:1197
	mp4.h:1198
	mp4.h:1200
	mp4.h:1202
	mp4.h:1203
	mp4.h:1204
	mp4.h:1205
	mp4.h:1206
	mp4.h:1207
	mp4.h:1208
	mp4.h:1209
	mp4.h:1210
	mp4.h:1211
	mp4.h:1212
	mp4.h:1213
	mp4.h:1214
	mp4.h:1215
	mp4.h:1216
	mp4.h:1217
	mp4.h:1218
	mp4.h:1220
	mp4.h:1224
	mp4.h:1225
	mp4.h:1226
	mp4.h:1227
	mp4.h:1230
	mp4.h:1232
	mp4.h:1234
	mp4array.h:34
	mp4atom.cpp:37
	mp4atom.cpp:37
	mp4atom.cpp:414
	mp4atom.cpp:480
	mp4atom.cpp:502
	mp4atom.cpp:542
	mp4atom.cpp:608
	mp4atom.cpp:721
	mp4atom.cpp:739
	mp4atom.cpp:816
	mp4atom.cpp:816
	mp4atom.cpp:853
	mp4atom.h:47
	mp4atom.h:47
	mp4atom.h:50
	mp4atom.h:51
	mp4atom.h:64
	mp4atom.h:114
	mp4atom.h:117
	mp4atom.h:121
	mp4atom.h:184
	mp4atom.h:196
	mp4atom.h:199
	mp4atom.h:200
	mp4atom.h:210
	mp4atom.h:210
	mp4atom.h:214
	mp4atom.h:216
	mp4atom.h:239
	mp4container.cpp:37
	mp4container.cpp:219
	mp4container.h:38
	mp4container.h:47
	mp4descriptor.cpp:46
	mp4descriptor.cpp:189
	mp4descriptor.h:50
	mp4descriptor.h:61
	mp4descriptor.h:82
	mp4file.cpp:170
	mp4file.cpp:198
	mp4file.cpp:221
	mp4file.cpp:655
	mp4file.cpp:820
	mp4file.cpp:1061
	mp4file.cpp:1281
	mp4file.cpp:1365
	mp4file.cpp:1469
	mp4file.cpp:1471
	mp4file.cpp:2345
	mp4file.cpp:2376
	mp4file.cpp:2384
	mp4file.cpp:2393
	mp4file.cpp:2605
	mp4file.cpp:2746
	mp4file.cpp:2967
	mp4file.cpp:2968
	mp4file.cpp:3106
	mp4file.cpp:3107
	mp4file.cpp:3145
	mp4file.cpp:3158
	mp4file.cpp:3213
	mp4file.cpp:3386
	mp4file.cpp:3397
	mp4file.h:59
	mp4file.h:62
	mp4file.h:74
	mp4file.h:159
	mp4file.h:170
	mp4file.h:183
	mp4file.h:191
	mp4file.h:219
	mp4file.h:221
	mp4file.h:241
	mp4file.h:320
	mp4file.h:363
	mp4file.h:368
	mp4file.h:370
	mp4file.h:425
	mp4file.h:426
	mp4file.h:453
	mp4file.h:454
	mp4file.h:465
	mp4file.h:470
	mp4file.h:490
	mp4file.h:538
	mp4file.h:545
	mp4file.h:555
	mp4file.h:558
	mp4file.h:558
	mp4file.h:559
	mp4file.h:559
	mp4file.h:560
	mp4file.h:561
	mp4file.h:563
	mp4file.h:564
	mp4file.h:567
	mp4file.h:568
	mp4file.h:569
	mp4file.h:570
	mp4file.h:571
	mp4file.h:572
	mp4file.h:578
	mp4file.h:582
	mp4file.h:583
	mp4file.h:584
	mp4file.h:585
	mp4file.h:586
	mp4file.h:589
	mp4file.h:595
	mp4file.h:596
	mp4file.h:620
	mp4file.h:639
	mp4file.h:643
	mp4file.h:698
	mp4file.h:714
	mp4file.h:729
	mp4file.h:789
	mp4file.h:790
	mp4file.h:810
	mp4file_io.cpp:417
	mp4file_io.cpp:446
	mp4file_io.cpp:543
	mp4info.cpp:106
	mp4info.cpp:302
	mp4meta.cpp:65
	mp4meta.cpp:102
	mp4meta.cpp:149
	mp4meta.cpp:149
	mp4meta.cpp:176
	mp4meta.cpp:203
	mp4meta.cpp:203
	mp4meta.cpp:214
	mp4meta.cpp:242
	mp4meta.cpp:275
	mp4meta.cpp:298
	mp4meta.cpp:331
	mp4meta.cpp:413
	mp4meta.cpp:492
	mp4meta.cpp:546
	mp4meta.cpp:548
	mp4meta.cpp:549
	mp4meta.cpp:553
	mp4meta.cpp:584
	mp4meta.cpp:604
	mp4meta.cpp:632
	mp4meta.cpp:653
	mp4meta.cpp:679
	mp4meta.cpp:709
	mp4meta.cpp:836
	mp4meta.cpp:897
	mp4meta.cpp:959
	mp4property.cpp:32
	mp4property.cpp:147
	mp4property.cpp:163
	mp4property.cpp:179
	mp4property.cpp:195
	mp4property.cpp:211
	mp4property.cpp:246
	mp4property.cpp:299
	mp4property.cpp:317
	mp4property.cpp:317
	mp4property.cpp:402
	mp4property.cpp:530
	mp4property.cpp:576
	mp4property.cpp:588
	mp4property.cpp:615
	mp4property.cpp:701
	mp4property.cpp:729
	mp4property.cpp:729
	mp4property.cpp:783
	mp4property.cpp:798
	mp4property.cpp:828
	mp4property.cpp:905
	mp4property.h:63
	mp4property.h:66
	mp4property.h:70
	mp4property.h:73
	mp4property.h:87
	mp4property.h:89
	mp4property.h:95
	mp4property.h:96
	mp4property.h:174
	mp4property.h:208
	mp4property.h:254
	mp4property.h:258
	mp4property.h:262
	mp4property.h:266
	mp4property.h:273
	mp4property.h:276
	mp4property.h:277
	mp4property.h:284
	mp4property.h:284
	mp4property.h:310
	mp4property.h:314
	mp4property.h:318
	mp4property.h:322
	mp4property.h:326
	mp4property.h:330
	mp4property.h:345
	mp4property.h:348
	mp4property.h:349
	mp4property.h:350
	mp4property.h:411
	mp4property.h:453
	mp4property.h:455
	mp4property.h:462
	mp4property.h:474
	mp4property.h:474
	mp4property.h:512
	mp4property.h:514
	mp4property.h:520
	mp4property.h:527
	mp4property.h:528
	mp4property.h:536
	mp4property.h:536
	mp4track.cpp:65
	mp4track.cpp:107
	mp4track.cpp:159
	mp4track.cpp:197
	mp4track.cpp:216
	mp4track.cpp:260
	mp4track.cpp:293
	mp4track.cpp:383
	mp4track.cpp:519
	mp4track.cpp:1025
	mp4track.cpp:1277
	mp4track.cpp:1330
	mp4track.cpp:1539
	mp4track.h:75
	mp4track.h:82
	mp4track.h:101
	mp4track.h:105
	mp4track.h:148
	mp4track.h:161
	mp4track.h:169
	mp4track.h:224
	mp4util.cpp:78
	mp4util.cpp:101
	mp4util.cpp:219
	mp4util.h:227
	mp4util.h:229
	ocidescriptors.cpp:69
	ocidescriptors.cpp:123
	ocidescriptors.cpp:158
	ocidescriptors.cpp:207
	ocidescriptors.cpp:216
	rtphint.cpp:158
	rtphint.cpp:188
	rtphint.cpp:189
	rtphint.cpp:212
	rtphint.cpp:377
	rtphint.cpp:378
	rtphint.cpp:455
	rtphint.cpp:475
	rtphint.cpp:608
	rtphint.cpp:793
	rtphint.cpp:950
	rtphint.cpp:967
	rtphint.cpp:972
	rtphint.cpp:977
	rtphint.cpp:992
	rtphint.cpp:997
	rtphint.cpp:1061
	rtphint.h:136
	rtphint.h:140
	rtphint.h:142
	rtphint.h:144
	rtphint.h:152
	rtphint.h:154
	rtphint.h:172
	rtphint.h:195
	rtphint.h:198
	rtphint.h:226
	rtphint.h:233
	rtphint.h:267
	rtphint.h:268
	rtphint.h:276
	rtphint.h:285
	rtphint.h:286
	rtphint.h:292
	rtphint.h:294
	rtphint.h:303
	test/mp4broadcaster.cpp:27
	test/mp4broadcaster.cpp:32
	test/mp4broadcaster.cpp:312
	test/mp4broadcaster.cpp:376
	test/nullvplayer.cpp:73
	test/nullvplayer.cpp:102
	test/urltrack.cpp:73
	util/mp4dump.cpp:29
	util/mp4extract.cpp:36
	util/mp4extract.cpp:42
	util/mp4extract.cpp:43
	util/mp4extract.cpp:190
	util/mp4syncfiles.cpp:25
	util/mp4syncfiles.cpp:79
	util/mp4syncfiles.cpp:256
	util/mp4syncfiles.cpp:426
	util/mp4syncfiles.cpp:510
	util/mp4trackdump.cpp:198
	util/mp4trackdump.cpp:199
	util/mp4videoinfo.cpp:35
	util/mp4videoinfo.cpp:79
	util/mp4videoinfo.cpp:92
	util/mp4videoinfo.cpp:133
	util/mp4videoinfo.cpp:133
	util/mp4videoinfo.cpp:165
	util/mp4videoinfo.cpp:166
	util/mp4videoinfo.cpp:221
	util/mp4videoinfo.cpp:222
	3gp.cpp:65
	3gp.cpp:123
	atom_amr.cpp:61
	atom_avc1.cpp:67
	atom_avc1.cpp:76
	atom_avcC.cpp:88
	atom_avcC.cpp:92
	atom_avcC.cpp:100
	atom_avcC.cpp:182
	atom_avcC.cpp:225
	atom_dref.cpp:53
	atom_enca.cpp:57
	atom_encv.cpp:67
	atom_encv.cpp:76
	atom_ftyp.cpp:66
	atom_hdlr.cpp:59
	atom_mdat.cpp:37
	atom_mp4v.cpp:65
	atom_mp4v.cpp:74
	atom_mvhd.cpp:115
	atom_ohdr.cpp:24
	atom_ohdr.cpp:25
	atom_root.cpp:108
	atom_s263.cpp:74
	atom_sound.cpp:83
	atom_stdp.cpp:44
	atom_stsd.cpp:70
	atom_treftype.cpp:42
	atom_url.cpp:58
	atom_video.cpp:67
	atoms.h:43
	atoms.h:45
	descriptors.cpp:441
	mp4.cpp:148
	mp4.cpp:182
	mp4.cpp:257
	mp4.cpp:286
	mp4.cpp:315
	mp4.cpp:428
	mp4.cpp:443
	mp4.cpp:459
	mp4.cpp:475
	mp4.cpp:492
	mp4.cpp:511
	mp4.cpp:527
	mp4.cpp:543
	mp4.cpp:559
	mp4.cpp:576
	mp4.cpp:693
	mp4.cpp:693
	mp4.cpp:1181
	mp4.cpp:1185
	mp4.cpp:1191
	mp4.cpp:1321
	mp4.cpp:1489
	mp4.cpp:1538
	mp4.cpp:1580
	mp4.cpp:1630
	mp4.cpp:1775
	mp4.cpp:1929
	mp4.cpp:1948
	mp4.cpp:1966
	mp4.cpp:1990
	mp4.cpp:2031
	mp4.cpp:2115
	mp4.cpp:2148
	mp4.cpp:2167
	mp4.cpp:2185
	mp4.cpp:2203
	mp4.cpp:2223
	mp4.cpp:2241
	mp4.cpp:2258
	mp4.cpp:2275
	mp4.cpp:2293
	mp4.cpp:2330
	mp4.cpp:2350
	mp4.cpp:2370
	mp4.cpp:2398
	mp4.cpp:2433
	mp4.cpp:2496
	mp4.cpp:2545
	mp4.cpp:2672
	mp4.cpp:2808
	mp4.cpp:2833
	mp4.cpp:2865
	mp4.cpp:2882
	mp4.cpp:2916
	mp4.cpp:2934
	mp4.cpp:2971
	mp4.cpp:3049
	mp4.cpp:3084
	mp4.cpp:3091
	mp4.cpp:3111
	mp4.cpp:3131
	mp4.cpp:3151
	mp4.cpp:3172
	mp4.cpp:3189
	mp4.cpp:3209
	mp4.cpp:3238
	mp4.cpp:3264
	mp4.cpp:3369
	mp4.cpp:3441
	mp4.cpp:3477
	mp4.cpp:3513
	mp4.cpp:3616
	mp4.cpp:3630
	mp4.cpp:3645
	mp4.cpp:3660
	mp4.cpp:3674
	mp4.cpp:3689
	mp4.cpp:3704
	mp4.cpp:3718
	mp4.cpp:3733
	mp4.cpp:3748
	mp4.cpp:3762
	mp4.cpp:3777
	mp4.cpp:3792
	mp4.cpp:3806
	mp4.cpp:3821
	mp4.cpp:3836
	mp4.cpp:3850
	mp4.cpp:3865
	mp4.cpp:3880
	mp4.cpp:3894
	mp4.cpp:3909
	mp4.cpp:3924
	mp4.cpp:3938
	mp4.cpp:3953
	mp4.cpp:3968
	mp4.cpp:3982
	mp4.cpp:3997
	mp4.cpp:4012
	mp4.cpp:4026
	mp4.cpp:4040
	mp4.cpp:4054
	mp4.cpp:4068
	mp4.cpp:4082
	mp4.cpp:4096
	mp4.cpp:4110
	mp4.cpp:4124
	mp4.cpp:4138
	mp4.cpp:4152
	mp4.cpp:4166
	mp4.cpp:4180
	mp4.cpp:4194
	mp4.cpp:4209
	mp4.cpp:4224
	mp4.cpp:4238
	mp4.cpp:4253
	mp4.cpp:4269
	mp4.cpp:4283
	mp4.cpp:4297
	mp4.cpp:4311
	mp4.cpp:4326
	mp4.cpp:4340
	mp4.cpp:4358
	mp4.cpp:4373
	mp4.cpp:4387
	mp4.h:621
	mp4.h:633
	mp4.h:895
	mp4.h:1020
	mp4.h:1026
	mp4.h:1092
	mp4array.h:36
	mp4atom.cpp:423
	mp4atom.cpp:484
	mp4atom.cpp:495
	mp4atom.cpp:505
	mp4atom.cpp:515
	mp4atom.cpp:575
	mp4atom.cpp:777
	mp4atom.cpp:780
	mp4atom.h:196
	mp4atom.h:199
	mp4container.cpp:51
	mp4descriptor.cpp:56
	mp4file.cpp:49
	mp4file.cpp:181
	mp4file.cpp:214
	mp4file.cpp:237
	mp4file.cpp:1287
	mp4file.cpp:1324
	mp4file.cpp:1912
	mp4file.cpp:1914
	mp4file.cpp:1916
	mp4file.cpp:1954
	mp4file.cpp:1956
	mp4file.cpp:1958
	mp4file.cpp:2611
	mp4file.cpp:2753
	mp4file.cpp:2787
	mp4file.cpp:2845
	mp4file.cpp:2847
	mp4file.cpp:2849
	mp4file.cpp:2872
	mp4file.cpp:2874
	mp4file.cpp:2876
	mp4file.h:62
	mp4file.h:159
	mp4file.h:558
	mp4file.h:559
	mp4file.h:620
	mp4file.h:639
	mp4file.h:643
	mp4file_io.cpp:212
	mp4file_io.cpp:232
	mp4info.cpp:106
	mp4info.cpp:302
	mp4info.cpp:318
	mp4meta.cpp:76
	mp4meta.cpp:113
	mp4meta.cpp:142
	mp4meta.cpp:173
	mp4meta.cpp:188
	mp4meta.cpp:191
	mp4meta.cpp:211
	mp4meta.cpp:214
	mp4meta.cpp:222
	mp4meta.cpp:232
	mp4meta.cpp:239
	mp4meta.cpp:254
	mp4meta.cpp:257
	mp4meta.cpp:295
	mp4meta.cpp:310
	mp4meta.cpp:313
	mp4meta.cpp:432
	mp4meta.cpp:435
	mp4meta.cpp:468
	mp4meta.cpp:489
	mp4meta.cpp:510
	mp4meta.cpp:543
	mp4meta.cpp:565
	mp4meta.cpp:568
	mp4meta.cpp:596
	mp4meta.cpp:616
	mp4meta.cpp:619
	mp4meta.cpp:645
	mp4meta.cpp:664
	mp4meta.cpp:667
	mp4meta.cpp:683
	mp4meta.cpp:685
	mp4meta.cpp:695
	mp4meta.cpp:782
	mp4meta.cpp:805
	mp4meta.cpp:861
	mp4meta.cpp:917
	mp4meta.cpp:979
	mp4property.cpp:28
	mp4property.cpp:29
	mp4property.cpp:36
	mp4property.cpp:48
	mp4property.cpp:323
	mp4property.cpp:583
	mp4property.cpp:591
	mp4property.cpp:608
	mp4property.cpp:625
	mp4property.cpp:793
	mp4property.cpp:801
	mp4property.cpp:816
	mp4property.cpp:836
	mp4property.h:218
	mp4property.h:219
	mp4property.h:284
	mp4property.h:284
	mp4property.h:474
	mp4property.h:474
	mp4property.h:536
	mp4property.h:536
	mp4track.cpp:132
	mp4track.cpp:133
	mp4track.cpp:293
	mp4track.cpp:618
	mp4track.cpp:623
	mp4track.cpp:1303
	mp4track.cpp:1551
	mp4track.cpp:1582
	mp4track.cpp:1715
	mp4track.cpp:1781
	mp4track.h:105
	mp4util.cpp:81
	mp4util.cpp:93
	mp4util.cpp:104
	mp4util.cpp:112
	mp4util.cpp:118
	mp4util.cpp:240
	mp4util.cpp:242
	mp4util.cpp:272
	odcommands.cpp:52
	rtphint.cpp:212
	rtphint.cpp:585
	rtphint.cpp:754
	rtphint.cpp:790
	archive/atom_mp4a.cpp:55
	test/mp4broadcaster.cpp:324
	test/mp4broadcaster.cpp:389
	test/mp4broadcaster.cpp:409
	test/mp4broadcaster.cpp:417
	util/mp4dump.cpp:29
	util/mp4extract.cpp:42
	util/mp4extract.cpp:43
	util/mp4syncfiles.cpp:35
	util/mp4syncfiles.cpp:99
	util/mp4syncfiles.cpp:111
	util/mp4syncfiles.cpp:124
	util/mp4syncfiles.cpp:136
	util/mp4syncfiles.cpp:147
	util/mp4syncfiles.cpp:158
	util/mp4syncfiles.cpp:170
	util/mp4syncfiles.cpp:183
	util/mp4syncfiles.cpp:197
	util/mp4syncfiles.cpp:211
	util/mp4syncfiles.cpp:222
	util/mp4syncfiles.cpp:230
	util/mp4syncfiles.cpp:238
	util/mp4syncfiles.cpp:246
	util/mp4syncfiles.cpp:426
	util/mp4syncfiles.cpp:510
	util/mp4syncfiles.cpp:532
	util/mp4syncfiles.cpp:541
	util/mp4syncfiles.cpp:548
	util/mp4syncfiles.cpp:553
	util/mp4trackdump.cpp:208
	util/mp4videoinfo.cpp:221
	util/mp4videoinfo.cpp:222
	3gp.cpp:121
	3gp.cpp:125
	atom_amr.cpp:64
	atom_avc1.cpp:70
	atom_avc1.cpp:79
	atom_avcC.cpp:90
	atom_avcC.cpp:94
	atom_avcC.cpp:103
	atom_avcC.cpp:185
	atom_avcC.cpp:228
	atom_dref.cpp:55
	atom_enca.cpp:60
	atom_encv.cpp:70
	atom_encv.cpp:79
	atom_ftyp.cpp:68
	atom_hdlr.cpp:57
	atom_mp4v.cpp:68
	atom_mp4v.cpp:77
	atom_mvhd.cpp:118
	atom_s263.cpp:77
	atom_sound.cpp:86
	atom_standard.cpp:460
	atom_stdp.cpp:46
	atom_stsd.cpp:72
	atom_treftype.cpp:44
	atom_url.cpp:55
	atom_video.cpp:70
	descriptors.cpp:421
	descriptors.cpp:467
	isma.cpp:94
	mp4.cpp:142
	mp4.cpp:175
	mp4.cpp:250
	mp4.cpp:279
	mp4.cpp:308
	mp4.cpp:421
	mp4.cpp:452
	mp4.cpp:468
	mp4.cpp:485
	mp4.cpp:502
	mp4.cpp:520
	mp4.cpp:536
	mp4.cpp:552
	mp4.cpp:569
	mp4.cpp:699
	mp4.cpp:1489
	mp4.cpp:1509
	mp4.cpp:1580
	mp4.cpp:1602
	mp4.cpp:1920
	mp4.cpp:1939
	mp4.cpp:1959
	mp4.cpp:1983
	mp4.cpp:2024
	mp4.cpp:2111
	mp4.cpp:2160
	mp4.cpp:2178
	mp4.cpp:2196
	mp4.cpp:2214
	mp4.cpp:2234
	mp4.cpp:2251
	mp4.cpp:2268
	mp4.cpp:2286
	mp4.cpp:2322
	mp4.cpp:2362
	mp4.cpp:2391
	mp4.cpp:2665
	mp4.cpp:2801
	mp4.cpp:2826
	mp4.cpp:2858
	mp4.cpp:2875
	mp4.cpp:2909
	mp4.cpp:2927
	mp4.cpp:2964
	mp4.cpp:3042
	mp4.cpp:3077
	mp4.cpp:3104
	mp4.cpp:3124
	mp4.cpp:3144
	mp4.cpp:3165
	mp4.cpp:3182
	mp4.cpp:3202
	mp4.cpp:3231
	mp4.cpp:3257
	mp4.cpp:3362
	mp4.cpp:3434
	mp4.cpp:3470
	mp4.cpp:3506
	mp4.h:853
	mp4.h:942
	mp4.h:943
	mp4.h:1001
	mp4.h:1002
	mp4.h:1050
	mp4.h:1061
	mp4.h:1067
	mp4array.h:38
	mp4atom.cpp:425
	mp4atom.cpp:510
	mp4atom.cpp:518
	mp4atom.cpp:550
	mp4atom.cpp:598
	mp4atom.cpp:601
	mp4atom.h:117
	mp4atom.h:210
	mp4container.cpp:48
	mp4descriptor.cpp:53
	mp4descriptor.cpp:128
	mp4descriptor.cpp:131
	mp4file.cpp:221
	mp4file.cpp:289
	mp4file.cpp:361
	mp4file.cpp:545
	mp4file.cpp:797
	mp4file.cpp:1297
	mp4file.cpp:1320
	mp4file.cpp:2617
	mp4file.cpp:2745
	mp4file.cpp:2751
	mp4file.h:191
	mp4file.h:367
	mp4file.h:370
	mp4file.h:453
	mp4file.h:454
	mp4file.h:729
	mp4info.cpp:116
	mp4info.cpp:119
	mp4info.cpp:126
	mp4info.cpp:137
	mp4info.cpp:146
	mp4info.cpp:153
	mp4info.cpp:326
	mp4info.cpp:374
	mp4info.cpp:378
	mp4info.cpp:389
	mp4info.cpp:395
	mp4info.cpp:402
	mp4meta.cpp:99
	mp4meta.cpp:144
	mp4meta.cpp:146
	mp4meta.cpp:170
	mp4meta.cpp:200
	mp4meta.cpp:217
	mp4meta.cpp:237
	mp4meta.cpp:272
	mp4meta.cpp:292
	mp4meta.cpp:328
	mp4meta.cpp:348
	mp4meta.cpp:351
	mp4meta.cpp:461
	mp4meta.cpp:486
	mp4meta.cpp:520
	mp4meta.cpp:537
	mp4meta.cpp:581
	mp4meta.cpp:602
	mp4meta.cpp:628
	mp4meta.cpp:650
	mp4meta.cpp:676
	mp4meta.cpp:697
	mp4meta.cpp:762
	mp4meta.cpp:807
	mp4meta.cpp:833
	mp4meta.cpp:886
	mp4meta.cpp:976
	mp4property.cpp:46
	mp4property.cpp:606
	mp4property.cpp:622
	mp4property.cpp:814
	mp4property.cpp:833
	mp4property.cpp:849
	mp4property.h:66
	mp4property.h:73
	mp4property.h:258
	mp4property.h:266
	mp4track.cpp:65
	mp4track.cpp:296
	mp4track.cpp:619
	mp4track.cpp:1280
	mp4track.cpp:1293
	mp4track.h:82
	mp4util.cpp:85
	mp4util.cpp:98
	mp4util.cpp:114
	mp4util.cpp:244
	ocidescriptors.cpp:151
	odcommands.cpp:54
	rtphint.cpp:216
	rtphint.h:285
	rtphint.h:286
	archive/atom_mp4a.cpp:58
	test/mp4broadcaster.cpp:157
	test/mp4broadcaster.cpp:373
	test/mp4broadcaster.cpp:425
	test/mp4clip.cpp:54
	test/mp4clip.cpp:235
	test/nullvplayer.cpp:107
	util/mp4art.cpp:73
	util/mp4dump.cpp:33
	util/mp4dump.cpp:55
	util/mp4extract.cpp:55
	util/mp4extract.cpp:75
	util/mp4extract.cpp:78
	util/mp4info.cpp:33
	util/mp4syncfiles.cpp:32
	util/mp4syncfiles.cpp:67
	util/mp4syncfiles.cpp:250
	util/mp4syncfiles.cpp:430
	util/mp4syncfiles.cpp:448
	util/mp4syncfiles.cpp:516
	util/mp4syncfiles.cpp:537
	util/mp4trackdump.cpp:82
	util/mp4videoinfo.cpp:66
	util/mp4videoinfo.cpp:225
	util/mp4videoinfo.cpp:245
	util/mp4videoinfo.cpp:246
autoscan: warning: missing AC_PREREQ wanted by: 
	autoscan
autoscan: warning: missing AC_PROG_CXX wanted by: 
	3gp.cpp
	atom_amr.cpp
	atom_avc1.cpp
	atom_avcC.cpp
	atom_d263.cpp
	atom_damr.cpp
	atom_dref.cpp
	atom_elst.cpp
	atom_enca.cpp
	atom_encv.cpp
	atom_free.cpp
	atom_ftyp.cpp
	atom_gmin.cpp
	atom_hdlr.cpp
	atom_hinf.cpp
	atom_hnti.cpp
	atom_href.cpp
	atom_mdat.cpp
	atom_mdhd.cpp
	atom_meta.cpp
	atom_mp4s.cpp
	atom_mp4v.cpp
	atom_mvhd.cpp
	atom_ohdr.cpp
	atom_root.cpp
	atom_rtp.cpp
	atom_s263.cpp
	atom_sdp.cpp
	atom_smi.cpp
	atom_sound.cpp
	atom_standard.cpp
	atom_stbl.cpp
	atom_stdp.cpp
	atom_stsc.cpp
	atom_stsd.cpp
	atom_stsz.cpp
	atom_stz2.cpp
	atom_text.cpp
	atom_tfhd.cpp
	atom_tkhd.cpp
	atom_treftype.cpp
	atom_trun.cpp
	atom_udta.cpp
	atom_url.cpp
	atom_urn.cpp
	atom_video.cpp
	atom_vmhd.cpp
	descriptors.cpp
	isma.cpp
	mp4.cpp
	mp4atom.cpp
	mp4container.cpp
	mp4descriptor.cpp
	mp4file.cpp
	mp4file_io.cpp
	mp4info.cpp
	mp4meta.cpp
	mp4property.cpp
	mp4track.cpp
	mp4util.cpp
	ocidescriptors.cpp
	odcommands.cpp
	qosqualifiers.cpp
	rtphint.cpp
	virtual_io.cpp
	archive/atom_bitr.cpp
	archive/atom_btrt.cpp
	archive/atom_co64.cpp
	archive/atom_cprt.cpp
	archive/atom_ctts.cpp
	archive/atom_dimm.cpp
	archive/atom_dinf.cpp
	archive/atom_dmax.cpp
	archive/atom_dmed.cpp
	archive/atom_drep.cpp
	archive/atom_edts.cpp
	archive/atom_esds.cpp
	archive/atom_frma.cpp
	archive/atom_hmhd.cpp
	archive/atom_iKMS.cpp
	archive/atom_iods.cpp
	archive/atom_iSFM.cpp
	archive/atom_maxr.cpp
	archive/atom_mdia.cpp
	archive/atom_mfhd.cpp
	archive/atom_minf.cpp
	archive/atom_moof.cpp
	archive/atom_moov.cpp
	archive/atom_mp4a.cpp
	archive/atom_mvex.cpp
	archive/atom_nmhd.cpp
	archive/atom_nump.cpp
	archive/atom_payt.cpp
	archive/atom_pmax.cpp
	archive/atom_schi.cpp
	archive/atom_schm.cpp
	archive/atom_sinf.cpp
	archive/atom_smhd.cpp
	archive/atom_snro.cpp
	archive/atom_stco.cpp
	archive/atom_stsh.cpp
	archive/atom_stss.cpp
	archive/atom_stts.cpp
	archive/atom_tims.cpp
	archive/atom_tmax.cpp
	archive/atom_tmin.cpp
	archive/atom_tpyl.cpp
	archive/atom_traf.cpp
	archive/atom_trak.cpp
	archive/atom_tref.cpp
	archive/atom_trex.cpp
	archive/atom_trpy.cpp
	archive/atom_tsro.cpp
	test/mp4broadcaster.cpp
	test/mp4clip.cpp
	test/nullcreate.cpp
	test/nullvplayer.cpp
	test/urltrack.cpp
	util/mp4art.cpp
	util/mp4dump.cpp
	util/mp4extract.cpp
	util/mp4info.cpp
	util/mp4syncfiles.cpp
	util/mp4tags.cpp
	util/mp4trackdump.cpp
	util/mp4videoinfo.cpp
autoscan: warning: missing AC_TYPE_INT32_T wanted by: 
	atom_root.cpp:103
	mp4.cpp:3008
	mp4.cpp:3118
	mp4.h:989
	mp4.h:1027
	mp4descriptor.cpp:113
	mp4file.cpp:220
	mp4file.cpp:3087
	mp4file.cpp:3158
	mp4file.h:443
	mp4file.h:471
	mp4property.cpp:141
	mp4property.h:115
	mp4property.h:157
	rtphint.cpp:475
	rtphint.cpp:915
	rtphint.cpp:915
	rtphint.cpp:957
	rtphint.cpp:962
	rtphint.h:138
	rtphint.h:150
	rtphint.h:294
autoscan: warning: missing AC_TYPE_INT64_T wanted by: 
	mp4.cpp:515
	mp4.cpp:2228
	mp4.h:434
	mp4.h:794
	mp4file.cpp:639
	mp4file.cpp:2439
	mp4file.h:143
	test/mp4broadcaster.cpp:198
autoscan: warning: missing AC_TYPE_INT8_T wanted by: 
	mp4.cpp:2675
	mp4.cpp:2990
	mp4.cpp:3480
	mp4.h:918
	mp4.h:984
	mp4.h:1135
	mp4file.cpp:3074
	mp4file.h:439
	mp4file_io.cpp:549
	mp4file_io.cpp:565
autoscan: warning: missing AC_TYPE_SIZE_T wanted by: 
	mp4.h:61
	mp4.h:62
	mp4info.cpp:260
	mp4info.cpp:262
	mp4meta.cpp:718
	mp4meta.cpp:719
	mp4meta.cpp:847
	mp4meta.cpp:848
	mp4meta.cpp:902
	mp4meta.cpp:903
	mp4util.h:165
	mp4util.h:174
	rtphint.cpp:387
	rtphint.cpp:389
	virtual_io.cpp:59
	virtual_io.cpp:59
	virtual_io.cpp:65
	virtual_io.cpp:65
autoscan: warning: missing AC_TYPE_UINT16_T wanted by: 
	mp4.cpp:780
	mp4.cpp:969
	mp4.cpp:990
	mp4.h:508
	mp4.h:509
	mp4.h:560
	mp4.h:564
	mp4file.cpp:1354
	mp4file.cpp:1891
	mp4file.cpp:1945
	mp4file.h:234
	mp4file.h:306
	mp4file.h:309
	util/mp4info.cpp:88
	util/mp4syncfiles.cpp:83
	util/mp4syncfiles.cpp:259
	util/mp4tags.cpp:204
autoscan: warning: missing AC_TYPE_UINT32_T wanted by: 
	atom_stz2.cpp:68
	isma.cpp:88
	mp4.cpp:331
	mp4.cpp:343
	mp4.cpp:798
	mp4.cpp:1176
	mp4.cpp:1208
	mp4.cpp:1209
	mp4.cpp:1275
	mp4.cpp:1901
	mp4.cpp:1995
	mp4.cpp:1997
	mp4.cpp:2017
	mp4.cpp:2116
	mp4.cpp:4258
	mp4.h:512
	mp4.h:708
	mp4.h:730
	mp4.h:732
	mp4.h:735
	mp4.h:1222
	mp4.h:1287
	mp4.h:1288
	mp4atom.cpp:617
	mp4atom.cpp:620
	mp4file.cpp:172
	mp4file.cpp:186
	mp4file.cpp:1569
	mp4file.cpp:1595
	mp4file.cpp:1920
	mp4file.cpp:1924
	mp4file.cpp:1927
	mp4file.cpp:1963
	mp4file.cpp:1967
	mp4file.cpp:1970
	mp4file.cpp:2818
	mp4file.cpp:2820
	mp4file.cpp:2822
	mp4file.cpp:2858
	mp4file.cpp:2859
	mp4file.cpp:2859
	mp4file.cpp:2885
	mp4file.cpp:2886
	mp4file.cpp:2886
	mp4file.h:243
	mp4file.h:346
	mp4file.h:348
	mp4file.h:587
	mp4meta.cpp:680
	mp4track.cpp:606
	mp4track.cpp:684
	mp4track.cpp:716
	mp4track.cpp:727
	mp4track.cpp:731
	mp4track.cpp:749
	mp4track.cpp:1354
	mp4track.h:222
	mp4util.cpp:247
	mp4util.cpp:247
	mp4util.cpp:250
	mp4util.cpp:324
	mp4util.h:206
	mp4util.h:210
	mp4util.h:240
	rtphint.cpp:424
	rtphint.cpp:427
	test/nullcreate.cpp:94
	test/nullcreate.cpp:97
	test/nullcreate.cpp:98
	test/nullcreate.cpp:103
	util/mp4art.cpp:117
	util/mp4syncfiles.cpp:47
	util/mp4syncfiles.cpp:61
	util/mp4syncfiles.cpp:84
	util/mp4syncfiles.cpp:241
	util/mp4syncfiles.cpp:260
	util/mp4syncfiles.cpp:385
	util/mp4syncfiles.cpp:390
	util/mp4trackdump.cpp:35
	util/mp4trackdump.cpp:38
	util/mp4trackdump.cpp:193
	util/mp4trackdump.cpp:197
	util/mp4trackdump.cpp:215
	util/mp4videoinfo.cpp:34
	util/mp4videoinfo.cpp:35
	util/mp4videoinfo.cpp:39
	util/mp4videoinfo.cpp:69
	util/mp4videoinfo.cpp:79
	util/mp4videoinfo.cpp:92
	util/mp4videoinfo.cpp:124
	util/mp4videoinfo.cpp:135
	util/mp4videoinfo.cpp:138
	util/mp4videoinfo.cpp:139
	util/mp4videoinfo.cpp:142
	util/mp4videoinfo.cpp:168
autoscan: warning: missing AC_TYPE_UINT64_T wanted by: 
	atom_free.cpp:41
	atom_hdlr.cpp:45
	atom_hdlr.cpp:46
	mp4.cpp:1177
	mp4.cpp:1892
	mp4.cpp:1898
	mp4atom.cpp:633
	mp4file_io.cpp:41
	mp4file_io.cpp:42
	mp4track.cpp:581
	util/mp4tags.cpp:238
	util/mp4trackdump.cpp:39
	util/mp4trackdump.cpp:41
	util/mp4videoinfo.cpp:140
autoscan: warning: missing AC_TYPE_UINT8_T wanted by: 
	atom_sound.cpp:55
	atom_stz2.cpp:66
	isma.cpp:66
	mp4.cpp:330
	mp4.cpp:332
	mp4.cpp:341
	mp4.cpp:344
	mp4.cpp:900
	mp4.cpp:901
	mp4.cpp:902
	mp4.cpp:903
	mp4.cpp:968
	mp4.cpp:989
	mp4.cpp:1173
	mp4.cpp:1174
	mp4.cpp:1175
	mp4.cpp:1207
	mp4.cpp:1971
	mp4.cpp:1972
	mp4.cpp:1994
	mp4.cpp:1996
	mp4.h:542
	mp4.h:543
	mp4.h:544
	mp4.h:545
	mp4.h:559
	mp4.h:563
	mp4.h:707
	mp4.h:725
	mp4.h:726
	mp4.h:729
	mp4.h:731
	mp4.h:1215
	mp4.h:1216
	mp4.h:1286
	mp4atom.cpp:79
	mp4file.cpp:1782
	mp4file.cpp:1783
	mp4file.cpp:1784
	mp4file.cpp:1785
	mp4file.cpp:1890
	mp4file.cpp:1926
	mp4file.cpp:1944
	mp4file.cpp:1969
	mp4file.cpp:2817
	mp4file.cpp:2819
	mp4file.cpp:2853
	mp4file.cpp:2854
	mp4file.cpp:2854
	mp4file.cpp:2881
	mp4file.cpp:2883
	mp4file.cpp:2883
	mp4file.h:291
	mp4file.h:292
	mp4file.h:293
	mp4file.h:294
	mp4file.h:305
	mp4file.h:308
	mp4file.h:345
	mp4file.h:347
	mp4info.cpp:195
	mp4info.cpp:258
	mp4info.cpp:310
	mp4info.cpp:330
	mp4meta.cpp:116
	mp4meta.cpp:604
	mp4track.cpp:546
	mp4track.h:223
	mp4track.h:225
	mp4util.cpp:219
	mp4util.cpp:221
	mp4util.cpp:239
	mp4util.cpp:239
	mp4util.cpp:247
	mp4util.cpp:249
	mp4util.cpp:260
	mp4util.cpp:263
	mp4util.cpp:264
	qosqualifiers.h:84
	test/nullcreate.cpp:64
	test/nullcreate.cpp:92
	test/nullcreate.cpp:96
	test/nullcreate.cpp:102
	util/mp4art.cpp:25
	util/mp4art.cpp:29
	util/mp4art.cpp:33
	util/mp4art.cpp:116
	util/mp4info.cpp:89
	util/mp4syncfiles.cpp:389
	util/mp4tags.cpp:241
	util/mp4tags.cpp:242
	util/mp4trackdump.cpp:194
	util/mp4trackdump.cpp:194
	util/mp4videoinfo.cpp:34
	util/mp4videoinfo.cpp:37
	util/mp4videoinfo.cpp:48
	util/mp4videoinfo.cpp:65
	util/mp4videoinfo.cpp:79
	util/mp4videoinfo.cpp:92
	util/mp4videoinfo.cpp:94
	util/mp4videoinfo.cpp:137
	util/mp4videoinfo.cpp:143
	util/mp4videoinfo.cpp:152
